<?xml version="1.0" encoding="UTF-8"?>
<coverage generated="1770650491324" clover="3.2.0">
  <project timestamp="1770650491325" name="All files">
    <metrics statements="59" coveredstatements="48" conditionals="39" coveredconditionals="28" methods="12" coveredmethods="12" elements="110" coveredelements="88" complexity="0" loc="59" ncloc="59" packages="1" files="1" classes="1"/>
    <file name="spamChecker.js" path="C:\study\ATBP\lab1\spamChecker.js">
      <metrics statements="59" coveredstatements="48" conditionals="39" coveredconditionals="28" methods="12" coveredmethods="12"/>
      <line num="6" count="1" type="stmt"/>
      <line num="7" count="1" type="stmt"/>
      <line num="15" count="16" type="cond" truecount="2" falsecount="0"/>
      <line num="16" count="1" type="stmt"/>
      <line num="20" count="15" type="cond" truecount="2" falsecount="0"/>
      <line num="21" count="2" type="stmt"/>
      <line num="26" count="13" type="cond" truecount="1" falsecount="1"/>
      <line num="28" count="13" type="stmt"/>
      <line num="29" count="13" type="stmt"/>
      <line num="30" count="0" type="cond" truecount="0" falsecount="2"/>
      <line num="32" count="0" type="stmt"/>
      <line num="35" count="13" type="cond" truecount="1" falsecount="1"/>
      <line num="36" count="0" type="stmt"/>
      <line num="39" count="13" type="stmt"/>
      <line num="41" count="10" type="stmt"/>
      <line num="42" count="10" type="stmt"/>
      <line num="43" count="10" type="stmt"/>
      <line num="46" count="3" type="stmt"/>
      <line num="47" count="3" type="stmt"/>
      <line num="50" count="13" type="stmt"/>
      <line num="57" count="14" type="stmt"/>
      <line num="58" count="14" type="stmt"/>
      <line num="68" count="34" type="cond" truecount="5" falsecount="0"/>
      <line num="69" count="4" type="stmt"/>
      <line num="73" count="30" type="cond" truecount="2" falsecount="0"/>
      <line num="74" count="16" type="cond" truecount="2" falsecount="0"/>
      <line num="75" count="1" type="stmt"/>
      <line num="78" count="15" type="cond" truecount="2" falsecount="0"/>
      <line num="79" count="1" type="stmt"/>
      <line num="82" count="14" type="stmt"/>
      <line num="86" count="14" type="stmt"/>
      <line num="88" count="11" type="cond" truecount="2" falsecount="0"/>
      <line num="89" count="2" type="stmt"/>
      <line num="91" count="9" type="stmt"/>
      <line num="95" count="3" type="stmt"/>
      <line num="106" count="23" type="stmt"/>
      <line num="109" count="487" type="stmt"/>
      <line num="110" count="487" type="stmt"/>
      <line num="112" count="23" type="cond" truecount="2" falsecount="0"/>
      <line num="113" count="1" type="stmt"/>
      <line num="116" count="22" type="stmt"/>
      <line num="117" count="47" type="cond" truecount="1" falsecount="1"/>
      <line num="120" count="22" type="stmt"/>
      <line num="121" count="22" type="stmt"/>
      <line num="122" count="484" type="cond" truecount="2" falsecount="0"/>
      <line num="123" count="32" type="stmt"/>
      <line num="127" count="22" type="stmt"/>
      <line num="129" count="22" type="stmt"/>
      <line num="132" count="1" type="cond" truecount="3" falsecount="1"/>
      <line num="133" count="1" type="stmt"/>
      <line num="138" count="1" type="cond" truecount="1" falsecount="1"/>
      <line num="140" count="0" type="cond" truecount="0" falsecount="2"/>
      <line num="143" count="0" type="stmt"/>
      <line num="144" count="0" type="stmt"/>
      <line num="145" count="0" type="stmt"/>
      <line num="146" count="0" type="stmt"/>
      <line num="149" count="0" type="cond" truecount="0" falsecount="2"/>
      <line num="150" count="0" type="stmt"/>
      <line num="152" count="0" type="stmt"/>
    </file>
  </project>
</coverage>
