{"C:\\study\\ATBP\\lab1\\spamChecker.js": {"path":"C:\\study\\ATBP\\lab1\\spamChecker.js","statementMap":{"0":{"start":{"line":6,"column":22},"end":{"line":6,"column":26}},"1":{"start":{"line":7,"column":30},"end":{"line":7,"column":34}},"2":{"start":{"line":15,"column":4},"end":{"line":17,"column":5}},"3":{"start":{"line":16,"column":8},"end":{"line":16,"column":39}},"4":{"start":{"line":20,"column":4},"end":{"line":22,"column":5}},"5":{"start":{"line":21,"column":8},"end":{"line":21,"column":48}},"6":{"start":{"line":26,"column":4},"end":{"line":33,"column":5}},"7":{"start":{"line":28,"column":36},"end":{"line":28,"column":62}},"8":{"start":{"line":29,"column":8},"end":{"line":29,"column":52}},"9":{"start":{"line":30,"column":11},"end":{"line":33,"column":5}},"10":{"start":{"line":32,"column":8},"end":{"line":32,"column":39}},"11":{"start":{"line":35,"column":4},"end":{"line":37,"column":5}},"12":{"start":{"line":36,"column":8},"end":{"line":36,"column":116}},"13":{"start":{"line":39,"column":4},"end":{"line":48,"column":11}},"14":{"start":{"line":41,"column":12},"end":{"line":41,"column":40}},"15":{"start":{"line":42,"column":12},"end":{"line":42,"column":43}},"16":{"start":{"line":43,"column":12},"end":{"line":43,"column":29}},"17":{"start":{"line":46,"column":12},"end":{"line":46,"column":43}},"18":{"start":{"line":47,"column":12},"end":{"line":47,"column":24}},"19":{"start":{"line":50,"column":4},"end":{"line":50,"column":35}},"20":{"start":{"line":57,"column":4},"end":{"line":57,"column":27}},"21":{"start":{"line":58,"column":4},"end":{"line":58,"column":35}},"22":{"start":{"line":68,"column":4},"end":{"line":70,"column":5}},"23":{"start":{"line":69,"column":8},"end":{"line":69,"column":55}},"24":{"start":{"line":73,"column":4},"end":{"line":83,"column":5}},"25":{"start":{"line":74,"column":8},"end":{"line":76,"column":9}},"26":{"start":{"line":75,"column":12},"end":{"line":75,"column":76}},"27":{"start":{"line":78,"column":8},"end":{"line":80,"column":9}},"28":{"start":{"line":79,"column":12},"end":{"line":79,"column":21}},"29":{"start":{"line":82,"column":8},"end":{"line":82,"column":56}},"30":{"start":{"line":86,"column":4},"end":{"line":96,"column":11}},"31":{"start":{"line":88,"column":12},"end":{"line":90,"column":13}},"32":{"start":{"line":89,"column":16},"end":{"line":89,"column":25}},"33":{"start":{"line":91,"column":12},"end":{"line":91,"column":55}},"34":{"start":{"line":95,"column":12},"end":{"line":95,"column":89}},"35":{"start":{"line":106,"column":18},"end":{"line":110,"column":40}},"36":{"start":{"line":109,"column":21},"end":{"line":109,"column":60}},"37":{"start":{"line":110,"column":24},"end":{"line":110,"column":39}},"38":{"start":{"line":112,"column":4},"end":{"line":114,"column":5}},"39":{"start":{"line":113,"column":8},"end":{"line":113,"column":17}},"40":{"start":{"line":116,"column":32},"end":{"line":118,"column":5}},"41":{"start":{"line":117,"column":8},"end":{"line":117,"column":82}},"42":{"start":{"line":120,"column":20},"end":{"line":120,"column":21}},"43":{"start":{"line":121,"column":4},"end":{"line":125,"column":7}},"44":{"start":{"line":122,"column":8},"end":{"line":124,"column":9}},"45":{"start":{"line":123,"column":12},"end":{"line":123,"column":24}},"46":{"start":{"line":127,"column":27},"end":{"line":127,"column":59}},"47":{"start":{"line":129,"column":4},"end":{"line":129,"column":50}},"48":{"start":{"line":132,"column":0},"end":{"line":134,"column":1}},"49":{"start":{"line":133,"column":4},"end":{"line":133,"column":71}},"50":{"start":{"line":138,"column":0},"end":{"line":155,"column":1}},"51":{"start":{"line":140,"column":4},"end":{"line":154,"column":5}},"52":{"start":{"line":143,"column":8},"end":{"line":143,"column":37}},"53":{"start":{"line":144,"column":8},"end":{"line":144,"column":45}},"54":{"start":{"line":145,"column":8},"end":{"line":145,"column":57}},"55":{"start":{"line":146,"column":8},"end":{"line":146,"column":41}},"56":{"start":{"line":149,"column":8},"end":{"line":153,"column":9}},"57":{"start":{"line":150,"column":12},"end":{"line":150,"column":105}},"58":{"start":{"line":152,"column":12},"end":{"line":152,"column":75}}},"fnMap":{"0":{"name":"loadBlacklist","decl":{"start":{"line":13,"column":15},"end":{"line":13,"column":28}},"loc":{"start":{"line":13,"column":31},"end":{"line":51,"column":1}},"line":13},"1":{"name":"(anonymous_1)","decl":{"start":{"line":40,"column":14},"end":{"line":40,"column":15}},"loc":{"start":{"line":40,"column":27},"end":{"line":44,"column":9}},"line":40},"2":{"name":"(anonymous_2)","decl":{"start":{"line":45,"column":15},"end":{"line":45,"column":16}},"loc":{"start":{"line":45,"column":24},"end":{"line":48,"column":9}},"line":45},"3":{"name":"resetBlacklistCache","decl":{"start":{"line":56,"column":9},"end":{"line":56,"column":28}},"loc":{"start":{"line":56,"column":31},"end":{"line":59,"column":1}},"line":56},"4":{"name":"checkSpam","decl":{"start":{"line":67,"column":9},"end":{"line":67,"column":18}},"loc":{"start":{"line":67,"column":41},"end":{"line":97,"column":1}},"line":67},"5":{"name":"(anonymous_5)","decl":{"start":{"line":87,"column":14},"end":{"line":87,"column":15}},"loc":{"start":{"line":87,"column":27},"end":{"line":92,"column":9}},"line":87},"6":{"name":"(anonymous_6)","decl":{"start":{"line":93,"column":15},"end":{"line":93,"column":16}},"loc":{"start":{"line":93,"column":24},"end":{"line":96,"column":9}},"line":93},"7":{"name":"checkSpamWithWords","decl":{"start":{"line":105,"column":9},"end":{"line":105,"column":27}},"loc":{"start":{"line":105,"column":50},"end":{"line":130,"column":1}},"line":105},"8":{"name":"(anonymous_8)","decl":{"start":{"line":109,"column":13},"end":{"line":109,"column":14}},"loc":{"start":{"line":109,"column":21},"end":{"line":109,"column":60}},"line":109},"9":{"name":"(anonymous_9)","decl":{"start":{"line":110,"column":16},"end":{"line":110,"column":17}},"loc":{"start":{"line":110,"column":24},"end":{"line":110,"column":39}},"line":110},"10":{"name":"(anonymous_10)","decl":{"start":{"line":116,"column":51},"end":{"line":116,"column":52}},"loc":{"start":{"line":117,"column":8},"end":{"line":117,"column":82}},"line":117},"11":{"name":"(anonymous_11)","decl":{"start":{"line":121,"column":18},"end":{"line":121,"column":19}},"loc":{"start":{"line":121,"column":26},"end":{"line":125,"column":5}},"line":121}},"branchMap":{"0":{"loc":{"start":{"line":15,"column":4},"end":{"line":17,"column":5}},"type":"if","locations":[{"start":{"line":15,"column":4},"end":{"line":17,"column":5}},{"start":{},"end":{}}],"line":15},"1":{"loc":{"start":{"line":20,"column":4},"end":{"line":22,"column":5}},"type":"if","locations":[{"start":{"line":20,"column":4},"end":{"line":22,"column":5}},{"start":{},"end":{}}],"line":20},"2":{"loc":{"start":{"line":26,"column":4},"end":{"line":33,"column":5}},"type":"if","locations":[{"start":{"line":26,"column":4},"end":{"line":33,"column":5}},{"start":{"line":30,"column":11},"end":{"line":33,"column":5}}],"line":26},"3":{"loc":{"start":{"line":30,"column":11},"end":{"line":33,"column":5}},"type":"if","locations":[{"start":{"line":30,"column":11},"end":{"line":33,"column":5}},{"start":{},"end":{}}],"line":30},"4":{"loc":{"start":{"line":35,"column":4},"end":{"line":37,"column":5}},"type":"if","locations":[{"start":{"line":35,"column":4},"end":{"line":37,"column":5}},{"start":{},"end":{}}],"line":35},"5":{"loc":{"start":{"line":68,"column":4},"end":{"line":70,"column":5}},"type":"if","locations":[{"start":{"line":68,"column":4},"end":{"line":70,"column":5}},{"start":{},"end":{}}],"line":68},"6":{"loc":{"start":{"line":68,"column":8},"end":{"line":68,"column":69}},"type":"binary-expr","locations":[{"start":{"line":68,"column":8},"end":{"line":68,"column":13}},{"start":{"line":68,"column":17},"end":{"line":68,"column":41}},{"start":{"line":68,"column":45},"end":{"line":68,"column":69}}],"line":68},"7":{"loc":{"start":{"line":73,"column":4},"end":{"line":83,"column":5}},"type":"if","locations":[{"start":{"line":73,"column":4},"end":{"line":83,"column":5}},{"start":{},"end":{}}],"line":73},"8":{"loc":{"start":{"line":74,"column":8},"end":{"line":76,"column":9}},"type":"if","locations":[{"start":{"line":74,"column":8},"end":{"line":76,"column":9}},{"start":{},"end":{}}],"line":74},"9":{"loc":{"start":{"line":78,"column":8},"end":{"line":80,"column":9}},"type":"if","locations":[{"start":{"line":78,"column":8},"end":{"line":80,"column":9}},{"start":{},"end":{}}],"line":78},"10":{"loc":{"start":{"line":88,"column":12},"end":{"line":90,"column":13}},"type":"if","locations":[{"start":{"line":88,"column":12},"end":{"line":90,"column":13}},{"start":{},"end":{}}],"line":88},"11":{"loc":{"start":{"line":112,"column":4},"end":{"line":114,"column":5}},"type":"if","locations":[{"start":{"line":112,"column":4},"end":{"line":114,"column":5}},{"start":{},"end":{}}],"line":112},"12":{"loc":{"start":{"line":117,"column":8},"end":{"line":117,"column":82}},"type":"cond-expr","locations":[{"start":{"line":117,"column":35},"end":{"line":117,"column":53}},{"start":{"line":117,"column":56},"end":{"line":117,"column":82}}],"line":117},"13":{"loc":{"start":{"line":122,"column":8},"end":{"line":124,"column":9}},"type":"if","locations":[{"start":{"line":122,"column":8},"end":{"line":124,"column":9}},{"start":{},"end":{}}],"line":122},"14":{"loc":{"start":{"line":132,"column":0},"end":{"line":134,"column":1}},"type":"if","locations":[{"start":{"line":132,"column":0},"end":{"line":134,"column":1}},{"start":{},"end":{}}],"line":132},"15":{"loc":{"start":{"line":132,"column":4},"end":{"line":132,"column":51}},"type":"binary-expr","locations":[{"start":{"line":132,"column":4},"end":{"line":132,"column":33}},{"start":{"line":132,"column":37},"end":{"line":132,"column":51}}],"line":132},"16":{"loc":{"start":{"line":138,"column":0},"end":{"line":155,"column":1}},"type":"if","locations":[{"start":{"line":138,"column":0},"end":{"line":155,"column":1}},{"start":{},"end":{}}],"line":138},"17":{"loc":{"start":{"line":140,"column":4},"end":{"line":154,"column":5}},"type":"if","locations":[{"start":{"line":140,"column":4},"end":{"line":154,"column":5}},{"start":{},"end":{}}],"line":140},"18":{"loc":{"start":{"line":149,"column":8},"end":{"line":153,"column":9}},"type":"if","locations":[{"start":{"line":149,"column":8},"end":{"line":153,"column":9}},{"start":{"line":151,"column":15},"end":{"line":153,"column":9}}],"line":149}},"s":{"0":1,"1":1,"2":16,"3":1,"4":15,"5":2,"6":13,"7":13,"8":13,"9":0,"10":0,"11":13,"12":0,"13":13,"14":10,"15":10,"16":10,"17":3,"18":3,"19":13,"20":14,"21":14,"22":34,"23":4,"24":30,"25":16,"26":1,"27":15,"28":1,"29":14,"30":14,"31":11,"32":2,"33":9,"34":3,"35":23,"36":487,"37":487,"38":23,"39":1,"40":22,"41":47,"42":22,"43":22,"44":484,"45":32,"46":22,"47":22,"48":1,"49":1,"50":1,"51":0,"52":0,"53":0,"54":0,"55":0,"56":0,"57":0,"58":0},"f":{"0":16,"1":10,"2":3,"3":14,"4":34,"5":11,"6":3,"7":23,"8":487,"9":487,"10":47,"11":484},"b":{"0":[1,15],"1":[2,13],"2":[13,0],"3":[0,0],"4":[0,13],"5":[4,30],"6":[34,31,31],"7":[16,14],"8":[1,15],"9":[1,14],"10":[2,9],"11":[1,22],"12":[47,0],"13":[32,452],"14":[1,0],"15":[1,1],"16":[0,1],"17":[0,0],"18":[0,0]},"_coverageSchema":"1a1c01bbd47fc00a2c39e90264f33305004495a9","hash":"757705c0b8294ed999ee3ad88072d5490d31c7bc"}
}
