TN:
SF:spamChecker.js
FN:13,loadBlacklist
FN:40,(anonymous_1)
FN:45,(anonymous_2)
FN:56,resetBlacklistCache
FN:67,checkSpam
FN:87,(anonymous_5)
FN:93,(anonymous_6)
FN:105,checkSpamWithWords
FN:109,(anonymous_8)
FN:110,(anonymous_9)
FN:116,(anonymous_10)
FN:121,(anonymous_11)
FNF:12
FNH:12
FNDA:16,loadBlacklist
FNDA:10,(anonymous_1)
FNDA:3,(anonymous_2)
FNDA:14,resetBlacklistCache
FNDA:34,checkSpam
FNDA:11,(anonymous_5)
FNDA:3,(anonymous_6)
FNDA:23,checkSpamWithWords
FNDA:487,(anonymous_8)
FNDA:487,(anonymous_9)
FNDA:47,(anonymous_10)
FNDA:484,(anonymous_11)
DA:6,1
DA:7,1
DA:15,16
DA:16,1
DA:20,15
DA:21,2
DA:26,13
DA:28,13
DA:29,13
DA:30,0
DA:32,0
DA:35,13
DA:36,0
DA:39,13
DA:41,10
DA:42,10
DA:43,10
DA:46,3
DA:47,3
DA:50,13
DA:57,14
DA:58,14
DA:68,34
DA:69,4
DA:73,30
DA:74,16
DA:75,1
DA:78,15
DA:79,1
DA:82,14
DA:86,14
DA:88,11
DA:89,2
DA:91,9
DA:95,3
DA:106,23
DA:109,487
DA:110,487
DA:112,23
DA:113,1
DA:116,22
DA:117,47
DA:120,22
DA:121,22
DA:122,484
DA:123,32
DA:127,22
DA:129,22
DA:132,1
DA:133,1
DA:138,1
DA:140,0
DA:143,0
DA:144,0
DA:145,0
DA:146,0
DA:149,0
DA:150,0
DA:152,0
LF:59
LH:48
BRDA:15,0,0,1
BRDA:15,0,1,15
BRDA:20,1,0,2
BRDA:20,1,1,13
BRDA:26,2,0,13
BRDA:26,2,1,0
BRDA:30,3,0,0
BRDA:30,3,1,0
BRDA:35,4,0,0
BRDA:35,4,1,13
BRDA:68,5,0,4
BRDA:68,5,1,30
BRDA:68,6,0,34
BRDA:68,6,1,31
BRDA:68,6,2,31
BRDA:73,7,0,16
BRDA:73,7,1,14
BRDA:74,8,0,1
BRDA:74,8,1,15
BRDA:78,9,0,1
BRDA:78,9,1,14
BRDA:88,10,0,2
BRDA:88,10,1,9
BRDA:112,11,0,1
BRDA:112,11,1,22
BRDA:117,12,0,47
BRDA:117,12,1,0
BRDA:122,13,0,32
BRDA:122,13,1,452
BRDA:132,14,0,1
BRDA:132,14,1,0
BRDA:132,15,0,1
BRDA:132,15,1,1
BRDA:138,16,0,0
BRDA:138,16,1,1
BRDA:140,17,0,0
BRDA:140,17,1,0
BRDA:149,18,0,0
BRDA:149,18,1,0
BRF:39
BRH:28
end_of_record
